Log file open, 10/30/19 13:03:53
LogWindows: Failed to load 'aqProf.dll' (GetLastError=126)
LogWindows: File 'aqProf.dll' does not exist
LogWindows: Failed to load 'VtuneApi.dll' (GetLastError=126)
LogWindows: File 'VtuneApi.dll' does not exist
LogWindows: Failed to load 'VtuneApi32e.dll' (GetLastError=126)
LogWindows: File 'VtuneApi32e.dll' does not exist
LogConsoleResponse: Display: Failed to find resolution value strings in scalability ini. Falling back to default.
LogInit: Display: Running engine for game: ArenaBattle
LogPakFile: Registered encryption key '00000000000000000000000000000000': 0 pak files mounted, 0 remain pending
LogPlatformFile: Not using cached read wrapper
LogTaskGraph: Started task graph with 5 named threads and 14 total threads with 3 sets of task threads.
LogStats: Stats thread started at 0.789463
LogD3D11RHI: Loaded GFSDK_Aftermath_Lib.x64.dll
LogICUInternationalization: ICU TimeZone Detection - Raw Offset: +9:00, Platform Override: ''
LogPluginManager: Mounting plugin Paper2D
LogPluginManager: Mounting plugin AISupport
LogPluginManager: Mounting plugin LightPropagationVolume
LogPluginManager: Mounting plugin ActorLayerUtilities
LogPluginManager: Mounting plugin AnimationSharing
LogPluginManager: Mounting plugin CLionSourceCodeAccess
LogPluginManager: Mounting plugin CodeLiteSourceCodeAccess
LogPluginManager: Mounting plugin GitSourceControl
LogPluginManager: Mounting plugin KDevelopSourceCodeAccess
LogPluginManager: Mounting plugin NullSourceCodeAccess
LogPluginManager: Mounting plugin PerforceSourceControl
LogPluginManager: Mounting plugin SubversionSourceControl
LogPluginManager: Mounting plugin UObjectPlugin
LogPluginManager: Mounting plugin VisualStudioCodeSourceCodeAccess
LogPluginManager: Mounting plugin VisualStudioSourceCodeAccess
LogPluginManager: Mounting plugin XCodeSourceCodeAccess
LogPluginManager: Mounting plugin AssetManagerEditor
LogPluginManager: Mounting plugin CryptoKeys
LogPluginManager: Mounting plugin DataValidation
LogPluginManager: Mounting plugin FacialAnimation
LogPluginManager: Mounting plugin GameplayTagsEditor
LogPluginManager: Mounting plugin MacGraphicsSwitching
LogPluginManager: Mounting plugin MaterialAnalyzer
LogPluginManager: Mounting plugin MobileLauncherProfileWizard
LogPluginManager: Mounting plugin PluginBrowser
LogPluginManager: Mounting plugin SpeedTreeImporter
LogPluginManager: Mounting plugin DatasmithContent
LogPluginManager: Mounting plugin VariantManagerContent
LogPluginManager: Mounting plugin AlembicImporter
LogPluginManager: Mounting plugin AppleImageUtils
LogPluginManager: Mounting plugin AppleVision
LogPluginManager: Mounting plugin BackChannel
LogPluginManager: Mounting plugin CharacterAI
LogPluginManager: Mounting plugin GeometryCache
LogPluginManager: Mounting plugin HTML5Networking
LogPluginManager: Mounting plugin ProxyLODPlugin
LogPluginManager: Mounting plugin SkeletalReduction
LogPluginManager: Mounting plugin MagicLeap
LogPluginManager: Mounting plugin MagicLeapMedia
LogPluginManager: Mounting plugin AndroidMedia
LogPluginManager: Mounting plugin AvfMedia
LogPluginManager: Mounting plugin ImgMedia
LogPluginManager: Mounting plugin LinearTimecode
LogPluginManager: Mounting plugin MediaCompositing
LogPluginManager: Mounting plugin MediaPlayerEditor
LogPluginManager: Mounting plugin WebMMedia
LogPluginManager: Mounting plugin WmfMedia
LogPluginManager: Mounting plugin TcpMessaging
LogPluginManager: Mounting plugin UdpMessaging
LogPluginManager: Mounting plugin ActorSequence
LogPluginManager: Mounting plugin LevelSequenceEditor
LogPluginManager: Mounting plugin MatineeToLevelSequence
LogPluginManager: Mounting plugin NetcodeUnitTest
LogPluginManager: Mounting plugin NUTUnrealEngine4
LogPluginManager: Mounting plugin OnlineSubsystemGooglePlay
LogPluginManager: Mounting plugin OnlineSubsystemIOS
LogPluginManager: Mounting plugin OnlineSubsystem
LogPluginManager: Mounting plugin OnlineSubsystemNull
LogPluginManager: Mounting plugin OnlineSubsystemUtils
LogPluginManager: Mounting plugin LauncherChunkInstaller
LogPluginManager: Mounting plugin AndroidDeviceProfileSelector
LogPluginManager: Mounting plugin AndroidMoviePlayer
LogPluginManager: Mounting plugin AndroidPermission
LogPluginManager: Mounting plugin AppleMoviePlayer
LogPluginManager: Mounting plugin ArchVisCharacter
LogPluginManager: Mounting plugin AudioCapture
LogPluginManager: Mounting plugin CableComponent
LogPluginManager: Mounting plugin CustomMeshComponent
LogPluginManager: Mounting plugin EditableMesh
LogPluginManager: Mounting plugin ExampleDeviceProfileSelector
LogPluginManager: Mounting plugin Firebase
LogPluginManager: Mounting plugin GoogleCloudMessaging
LogPluginManager: Mounting plugin IOSDeviceProfileSelector
LogPluginManager: Mounting plugin LinuxDeviceProfileSelector
LogPluginManager: Mounting plugin LocationServicesBPLibrary
LogPluginManager: Mounting plugin MobilePatchingUtils
LogPluginManager: Mounting plugin OculusVR
LogPluginManager: Mounting plugin PhysXVehicles
LogPluginManager: Mounting plugin ProceduralMeshComponent
LogPluginManager: Mounting plugin RuntimePhysXCooking
LogPluginManager: Mounting plugin SignificanceManager
LogPluginManager: Mounting plugin SteamVR
LogPluginManager: Mounting plugin WebMMoviePlayer
LogPluginManager: Mounting plugin WindowsMoviePlayer
LogInit: Using libcurl 7.55.1-DEV
LogInit:  - built for x86_64-pc-win32
LogInit:  - supports SSL with OpenSSL/1.1.1
LogInit:  - supports HTTP deflate (compression) using libz 1.2.8
LogInit:  - other features:
LogInit:      CURL_VERSION_SSL
LogInit:      CURL_VERSION_LIBZ
LogInit:      CURL_VERSION_IPV6
LogInit:      CURL_VERSION_ASYNCHDNS
LogInit:      CURL_VERSION_LARGEFILE
LogInit:      CURL_VERSION_IDN
LogInit:  CurlRequestOptions (configurable via config and command line):
LogInit:  - bVerifyPeer = true  - Libcurl will verify peer certificate
LogInit:  - bUseHttpProxy = false  - Libcurl will NOT use HTTP proxy
LogInit:  - bDontReuseConnections = false  - Libcurl will reuse connections
LogInit:  - MaxHostConnections = 16  - Libcurl will limit the number of connections to a host
LogInit:  - LocalHostAddr = Default
LogInit:  - BufferSize = 65536
LogInit: WinSock: version 1.1 (2.2), MaxSocks=32767, MaxUdp=65467
LogInit: Build: ++UE4+Release-4.22-CL-7053642
LogInit: Engine Version: 4.22.3-7053642+++UE4+Release-4.22
LogInit: Compatible Engine Version: 4.22.0-5660361+++UE4+Release-4.22
LogInit: Net CL: 5660361
LogInit: OS: Windows 10 (Release 1607) (), CPU: Intel(R) Core(TM) i5-7500 CPU @ 3.40GHz, GPU: Radeon (TM) RX 480 Graphics
LogInit: Compiled (64-bit): Jun 18 2019 03:09:11
LogInit: Compiled with Visual C++: 19.16.27025.01
LogInit: Build Configuration: Development
LogInit: Branch Name: ++UE4+Release-4.22
LogInit: Command Line: 
LogInit: Base Directory: C:/Program Files/Epic Games/UE_4.22/Engine/Binaries/Win64/
LogInit: Installed Engine Build: 1
LogDevObjectVersion: Number of dev versions registered: 23
LogDevObjectVersion:   Dev-Blueprints (B0D832E4-1F89-4F0D-ACCF-7EB736FD4AA2): 10
LogDevObjectVersion:   Dev-Build (E1C64328-A22C-4D53-A36C-8E866417BD8C): 0
LogDevObjectVersion:   Dev-Core (375EC13C-06E4-48FB-B500-84F0262A717E): 3
LogDevObjectVersion:   Dev-Editor (E4B068ED-F494-42E9-A231-DA0B2E46BB41): 30
LogDevObjectVersion:   Dev-Framework (CFFC743F-43B0-4480-9391-14DF171D2073): 35
LogDevObjectVersion:   Dev-Mobile (B02B49B5-BB20-44E9-A304-32B752E40360): 2
LogDevObjectVersion:   Dev-Networking (A4E4105C-59A1-49B5-A7C5-40C4547EDFEE): 0
LogDevObjectVersion:   Dev-Online (39C831C9-5AE6-47DC-9A44-9C173E1C8E7C): 0
LogDevObjectVersion:   Dev-Physics (78F01B33-EBEA-4F98-B9B4-84EACCB95AA2): 0
LogDevObjectVersion:   Dev-Platform (6631380F-2D4D-43E0-8009-CF276956A95A): 0
LogDevObjectVersion:   Dev-Rendering (12F88B9F-8875-4AFC-A67C-D90C383ABD29): 28
LogDevObjectVersion:   Dev-Sequencer (7B5AE74C-D270-4C10-A958-57980B212A5A): 11
LogDevObjectVersion:   Dev-VR (D7296918-1DD6-4BDD-9DE2-64A83CC13884): 2
LogDevObjectVersion:   Dev-LoadTimes (C2A15278-BFE7-4AFE-6C17-90FF531DF755): 1
LogDevObjectVersion:   Private-Geometry (6EACA3D4-40EC-4CC1-B786-8BED09428FC5): 3
LogDevObjectVersion:   Dev-AnimPhys (29E575DD-E0A3-4627-9D10-D276232CDCEA): 17
LogDevObjectVersion:   Dev-Anim (AF43A65D-7FD3-4947-9873-3E8ED9C1BB05): 2
LogDevObjectVersion:   Dev-ReflectionCapture (6B266CEC-1EC7-4B8F-A30B-E4D90942FC07): 1
LogDevObjectVersion:   Dev-Automation (0DF73D61-A23F-47EA-B727-89E90C41499A): 1
LogDevObjectVersion:   FortniteMain (601D1886-AC64-4F84-AA16-D3DE0DEAC7D6): 25
LogDevObjectVersion:   Dev-Enterprise (9DFFBCD6-494F-0158-E221-12823C92A888): 6
LogDevObjectVersion:   Dev-Niagara (F2AED0AC-9AFE-416F-8664-AA7FFA26D6FC): 1
LogDevObjectVersion:   Dev-Destruction (174F1F0B-B4C6-45A5-B13F-2EE8D0FB917D): 2
LogInit: Presizing for max 16777216 objects, including 0 objects not considered by GC, pre-allocating 0 bytes for permanent pool.
LogInit: Object subsystem initialized
LogConfig: Setting CVar [[con.DebugEarlyDefault:1]]
LogConfig: Setting CVar [[r.setres:1280x720]]
[2019.10.30-04.03.53:898][  0]LogConfig: Setting CVar [[r.VSync:0]]
[2019.10.30-04.03.53:898][  0]LogConfig: Setting CVar [[r.RHICmdBypass:0]]
[2019.10.30-04.03.53:898][  0]LogConfig: Applying CVar settings from Section [/Script/Engine.RendererSettings] File [C:/16Eom/UE4Study/ArenaBattle/Saved/Config/Windows/Engine.ini]
[2019.10.30-04.03.53:898][  0]LogConfig: Setting CVar [[r.GPUCrashDebugging:0]]
[2019.10.30-04.03.53:898][  0]LogConfig: Applying CVar settings from Section [/Script/Engine.RendererOverrideSettings] File [C:/16Eom/UE4Study/ArenaBattle/Saved/Config/Windows/Engine.ini]
[2019.10.30-04.03.53:898][  0]LogConfig: Applying CVar settings from Section [/Script/Engine.StreamingSettings] File [C:/16Eom/UE4Study/ArenaBattle/Saved/Config/Windows/Engine.ini]
[2019.10.30-04.03.53:898][  0]LogConfig: Setting CVar [[s.MinBulkDataSizeForAsyncLoading:131072]]
[2019.10.30-04.03.53:898][  0]LogConfig: Setting CVar [[s.AsyncLoadingThreadEnabled:0]]
[2019.10.30-04.03.53:898][  0]LogConfig: Setting CVar [[s.EventDrivenLoaderEnabled:1]]
[2019.10.30-04.03.53:898][  0]LogConfig: Setting CVar [[s.WarnIfTimeLimitExceeded:0]]
[2019.10.30-04.03.53:898][  0]LogConfig: Setting CVar [[s.TimeLimitExceededMultiplier:1.5]]
[2019.10.30-04.03.53:898][  0]LogConfig: Setting CVar [[s.TimeLimitExceededMinTime:0.005]]
[2019.10.30-04.03.53:898][  0]LogConfig: Setting CVar [[s.UseBackgroundLevelStreaming:1]]
[2019.10.30-04.03.53:898][  0]LogConfig: Setting CVar [[s.PriorityAsyncLoadingExtraTime:15.0]]
[2019.10.30-04.03.53:898][  0]LogConfig: Setting CVar [[s.LevelStreamingActorsUpdateTimeLimit:5.0]]
[2019.10.30-04.03.53:898][  0]LogConfig: Setting CVar [[s.PriorityLevelStreamingActorsUpdateExtraTime:5.0]]
[2019.10.30-04.03.53:898][  0]LogConfig: Setting CVar [[s.LevelStreamingComponentsRegistrationGranularity:10]]
[2019.10.30-04.03.53:898][  0]LogConfig: Setting CVar [[s.UnregisterComponentsTimeLimit:1.0]]
[2019.10.30-04.03.53:898][  0]LogConfig: Setting CVar [[s.LevelStreamingComponentsUnregistrationGranularity:5]]
[2019.10.30-04.03.53:899][  0]LogConfig: Applying CVar settings from Section [/Script/Engine.GarbageCollectionSettings] File [C:/16Eom/UE4Study/ArenaBattle/Saved/Config/Windows/Engine.ini]
[2019.10.30-04.03.53:899][  0]LogConfig: Setting CVar [[gc.MaxObjectsNotConsideredByGC:1]]
[2019.10.30-04.03.53:899][  0]LogConfig: Setting CVar [[gc.SizeOfPermanentObjectPool:0]]
[2019.10.30-04.03.53:899][  0]LogConfig: Setting CVar [[gc.FlushStreamingOnGC:0]]
[2019.10.30-04.03.53:899][  0]LogConfig: Setting CVar [[gc.NumRetriesBeforeForcingGC:10]]
[2019.10.30-04.03.53:899][  0]LogConfig: Setting CVar [[gc.AllowParallelGC:1]]
[2019.10.30-04.03.53:899][  0]LogConfig: Setting CVar [[gc.TimeBetweenPurgingPendingKillObjects:61.1]]
[2019.10.30-04.03.53:899][  0]LogConfig: Setting CVar [[gc.MaxObjectsInEditor:16777216]]
[2019.10.30-04.03.53:899][  0]LogConfig: Setting CVar [[gc.IncrementalBeginDestroyEnabled:1]]
[2019.10.30-04.03.53:899][  0]LogConfig: Setting CVar [[gc.CreateGCClusters:1]]
[2019.10.30-04.03.53:899][  0]LogConfig: Setting CVar [[gc.MinGCClusterSize:5]]
[2019.10.30-04.03.53:899][  0]LogConfig: Setting CVar [[gc.ActorClusteringEnabled:0]]
[2019.10.30-04.03.53:899][  0]LogConfig: Setting CVar [[gc.BlueprintClusteringEnabled:0]]
[2019.10.30-04.03.53:899][  0]LogConfig: Setting CVar [[gc.UseDisregardForGCOnDedicatedServers:0]]
[2019.10.30-04.03.53:899][  0]LogConfig: Applying CVar settings from Section [/Script/Engine.NetworkSettings] File [C:/16Eom/UE4Study/ArenaBattle/Saved/Config/Windows/Engine.ini]
[2019.10.30-04.03.53:899][  0]LogConfig: Applying CVar settings from Section [/Script/UnrealEd.CookerSettings] File [C:/16Eom/UE4Study/ArenaBattle/Saved/Config/Windows/Engine.ini]
[2019.10.30-04.03.53:907][  0]LogConfig: Applying CVar settings from Section [ViewDistanceQuality@3] File [C:/16Eom/UE4Study/ArenaBattle/Saved/Config/Windows/Scalability.ini]
[2019.10.30-04.03.53:907][  0]LogConfig: Setting CVar [[r.SkeletalMeshLODBias:0]]
[2019.10.30-04.03.53:907][  0]LogConfig: Setting CVar [[r.ViewDistanceScale:1.0]]
[2019.10.30-04.03.53:907][  0]LogConfig: Applying CVar settings from Section [AntiAliasingQuality@3] File [C:/16Eom/UE4Study/ArenaBattle/Saved/Config/Windows/Scalability.ini]
[2019.10.30-04.03.53:907][  0]LogConfig: Setting CVar [[r.PostProcessAAQuality:4]]
[2019.10.30-04.03.53:907][  0]LogConfig: Applying CVar settings from Section [ShadowQuality@3] File [C:/16Eom/UE4Study/ArenaBattle/Saved/Config/Windows/Scalability.ini]
[2019.10.30-04.03.53:907][  0]LogConfig: Setting CVar [[r.LightFunctionQuality:1]]
[2019.10.30-04.03.53:907][  0]LogConfig: Setting CVar [[r.ShadowQuality:5]]
[2019.10.30-04.03.53:907][  0]LogConfig: Setting CVar [[r.Shadow.CSM.MaxCascades:10]]
[2019.10.30-04.03.53:907][  0]LogConfig: Setting CVar [[r.Shadow.MaxResolution:2048]]
[2019.10.30-04.03.53:907][  0]LogConfig: Setting CVar [[r.Shadow.MaxCSMResolution:2048]]
[2019.10.30-04.03.53:907][  0]LogConfig: Setting CVar [[r.Shadow.RadiusThreshold:0.01]]
[2019.10.30-04.03.53:907][  0]LogConfig: Setting CVar [[r.Shadow.DistanceScale:1.0]]
[2019.10.30-04.03.53:907][  0]LogConfig: Setting CVar [[r.Shadow.CSM.TransitionScale:1.0]]
[2019.10.30-04.03.53:907][  0]LogConfig: Setting CVar [[r.Shadow.PreShadowResolutionFactor:1.0]]
[2019.10.30-04.03.53:907][  0]LogConfig: Setting CVar [[r.DistanceFieldShadowing:1]]
[2019.10.30-04.03.53:907][  0]LogConfig: Setting CVar [[r.DistanceFieldAO:1]]
[2019.10.30-04.03.53:907][  0]LogConfig: Setting CVar [[r.AOQuality:2]]
[2019.10.30-04.03.53:907][  0]LogConfig: Setting CVar [[r.VolumetricFog:1]]
[2019.10.30-04.03.53:907][  0]LogConfig: Setting CVar [[r.VolumetricFog.GridPixelSize:8]]
[2019.10.30-04.03.53:907][  0]LogConfig: Setting CVar [[r.VolumetricFog.GridSizeZ:128]]
[2019.10.30-04.03.53:907][  0]LogConfig: Setting CVar [[r.VolumetricFog.HistoryMissSupersampleCount:4]]
[2019.10.30-04.03.53:907][  0]LogConfig: Setting CVar [[r.LightMaxDrawDistanceScale:1]]
[2019.10.30-04.03.53:907][  0]LogConfig: Setting CVar [[r.CapsuleShadows:1]]
[2019.10.30-04.03.53:907][  0]LogConfig: Applying CVar settings from Section [PostProcessQuality@3] File [C:/16Eom/UE4Study/ArenaBattle/Saved/Config/Windows/Scalability.ini]
[2019.10.30-04.03.53:907][  0]LogConfig: Setting CVar [[r.MotionBlurQuality:4]]
[2019.10.30-04.03.53:907][  0]LogConfig: Setting CVar [[r.AmbientOcclusionMipLevelFactor:0.4]]
[2019.10.30-04.03.53:907][  0]LogConfig: Setting CVar [[r.AmbientOcclusionMaxQuality:100]]
[2019.10.30-04.03.53:907][  0]LogConfig: Setting CVar [[r.AmbientOcclusionLevels:-1]]
[2019.10.30-04.03.53:907][  0]LogConfig: Setting CVar [[r.AmbientOcclusionRadiusScale:1.0]]
[2019.10.30-04.03.53:907][  0]LogConfig: Setting CVar [[r.DepthOfFieldQuality:2]]
[2019.10.30-04.03.53:907][  0]LogConfig: Setting CVar [[r.RenderTargetPoolMin:400]]
[2019.10.30-04.03.53:907][  0]LogConfig: Setting CVar [[r.LensFlareQuality:2]]
[2019.10.30-04.03.53:907][  0]LogConfig: Setting CVar [[r.SceneColorFringeQuality:1]]
[2019.10.30-04.03.53:907][  0]LogConfig: Setting CVar [[r.EyeAdaptationQuality:2]]
[2019.10.30-04.03.53:907][  0]LogConfig: Setting CVar [[r.BloomQuality:5]]
[2019.10.30-04.03.53:907][  0]LogConfig: Setting CVar [[r.FastBlurThreshold:100]]
[2019.10.30-04.03.53:907][  0]LogConfig: Setting CVar [[r.Upscale.Quality:3]]
[2019.10.30-04.03.53:907][  0]LogConfig: Setting CVar [[r.Tonemapper.GrainQuantization:1]]
[2019.10.30-04.03.53:907][  0]LogConfig: Setting CVar [[r.LightShaftQuality:1]]
[2019.10.30-04.03.53:907][  0]LogConfig: Setting CVar [[r.Filter.SizeScale:1]]
[2019.10.30-04.03.53:907][  0]LogConfig: Setting CVar [[r.Tonemapper.Quality:5]]
[2019.10.30-04.03.53:907][  0]LogConfig: Setting CVar [[r.DOF.Gather.AccumulatorQuality:1        ; higher gathering accumulator quality]]
[2019.10.30-04.03.53:907][  0]LogConfig: Setting CVar [[r.DOF.Gather.PostfilterMethod:1          ; Median3x3 postfilering method]]
[2019.10.30-04.03.53:907][  0]LogConfig: Setting CVar [[r.DOF.Gather.EnableBokehSettings:0       ; no bokeh simulation when gathering]]
[2019.10.30-04.03.53:907][  0]LogConfig: Setting CVar [[r.DOF.Gather.RingCount:4                 ; medium number of samples when gathering]]
[2019.10.30-04.03.53:907][  0]LogConfig: Setting CVar [[r.DOF.Scatter.ForegroundCompositing:1    ; additive foreground scattering]]
[2019.10.30-04.03.53:907][  0]LogConfig: Setting CVar [[r.DOF.Scatter.BackgroundCompositing:2    ; additive background scattering]]
[2019.10.30-04.03.53:907][  0]LogConfig: Setting CVar [[r.DOF.Scatter.EnableBokehSettings:1      ; bokeh simulation when scattering]]
[2019.10.30-04.03.53:908][  0]LogConfig: Setting CVar [[r.DOF.Scatter.MaxSpriteRatio:0.1         ; only a maximum of 10% of scattered bokeh]]
[2019.10.30-04.03.53:908][  0]LogConfig: Setting CVar [[r.DOF.Recombine.Quality:1                ; cheap slight out of focus]]
[2019.10.30-04.03.53:908][  0]LogConfig: Setting CVar [[r.DOF.Recombine.EnableBokehSettings:0    ; no bokeh simulation on slight out of focus]]
[2019.10.30-04.03.53:908][  0]LogConfig: Setting CVar [[r.DOF.TemporalAAQuality:1                ; more stable temporal accumulation]]
[2019.10.30-04.03.53:908][  0]LogConfig: Setting CVar [[r.DOF.Kernel.MaxForegroundRadius:0.025]]
[2019.10.30-04.03.53:908][  0]LogConfig: Setting CVar [[r.DOF.Kernel.MaxBackgroundRadius:0.025]]
[2019.10.30-04.03.53:908][  0]LogConfig: Applying CVar settings from Section [TextureQuality@3] File [C:/16Eom/UE4Study/ArenaBattle/Saved/Config/Windows/Scalability.ini]
[2019.10.30-04.03.53:908][  0]LogConfig: Setting CVar [[r.Streaming.MipBias:0]]
[2019.10.30-04.03.53:908][  0]LogConfig: Setting CVar [[r.Streaming.AmortizeCPUToGPUCopy:0]]
[2019.10.30-04.03.53:908][  0]LogConfig: Setting CVar [[r.Streaming.MaxNumTexturesToStreamPerFrame:0]]
[2019.10.30-04.03.53:908][  0]LogConfig: Setting CVar [[r.Streaming.Boost:1]]
[2019.10.30-04.03.53:908][  0]LogConfig: Setting CVar [[r.MaxAnisotropy:8]]
[2019.10.30-04.03.53:908][  0]LogConfig: Setting CVar [[r.Streaming.LimitPoolSizeToVRAM:0]]
[2019.10.30-04.03.53:908][  0]LogConfig: Setting CVar [[r.Streaming.PoolSize:1000]]
[2019.10.30-04.03.53:908][  0]LogConfig: Setting CVar [[r.Streaming.MaxEffectiveScreenSize:0]]
[2019.10.30-04.03.53:908][  0]LogConfig: Applying CVar settings from Section [EffectsQuality@3] File [C:/16Eom/UE4Study/ArenaBattle/Saved/Config/Windows/Scalability.ini]
[2019.10.30-04.03.53:908][  0]LogConfig: Setting CVar [[r.TranslucencyLightingVolumeDim:64]]
[2019.10.30-04.03.53:908][  0]LogConfig: Setting CVar [[r.RefractionQuality:2]]
[2019.10.30-04.03.53:908][  0]LogConfig: Setting CVar [[r.SSR.Quality:3]]
[2019.10.30-04.03.53:908][  0]LogConfig: Setting CVar [[r.SceneColorFormat:4]]
[2019.10.30-04.03.53:908][  0]LogConfig: Setting CVar [[r.DetailMode:2]]
[2019.10.30-04.03.53:908][  0]LogConfig: Setting CVar [[r.TranslucencyVolumeBlur:1]]
[2019.10.30-04.03.53:908][  0]LogConfig: Setting CVar [[r.MaterialQualityLevel:1 ; High quality]]
[2019.10.30-04.03.53:908][  0]LogConfig: Setting CVar [[r.SSS.Scale:1]]
[2019.10.30-04.03.53:908][  0]LogConfig: Setting CVar [[r.SSS.SampleSet:2]]
[2019.10.30-04.03.53:908][  0]LogConfig: Setting CVar [[r.SSS.Quality:1]]
[2019.10.30-04.03.53:908][  0]LogConfig: Setting CVar [[r.SSS.HalfRes:1]]
[2019.10.30-04.03.53:908][  0]LogConfig: Setting CVar [[r.EmitterSpawnRateScale:1.0]]
[2019.10.30-04.03.53:908][  0]LogConfig: Setting CVar [[r.ParticleLightQuality:2]]
[2019.10.30-04.03.53:908][  0]LogConfig: Applying CVar settings from Section [FoliageQuality@3] File [C:/16Eom/UE4Study/ArenaBattle/Saved/Config/Windows/Scalability.ini]
[2019.10.30-04.03.53:908][  0]LogConfig: Setting CVar [[foliage.DensityScale:1.0]]
[2019.10.30-04.03.53:908][  0]LogConfig: Setting CVar [[grass.DensityScale:1.0]]
[2019.10.30-04.03.53:909][  0]LogInit: Selected Device Profile: [Windows]
[2019.10.30-04.03.53:909][  0]LogInit: Applying CVar settings loaded from the selected device profile: [Windows]
[2019.10.30-04.03.53:932][  0]LogHAL: Display: Platform has ~ 16 GB [17053208576 / 17179869184 / 16], which maps to Larger [LargestMinGB=32, LargerMinGB=12, DefaultMinGB=8, SmallerMinGB=6, SmallestMinGB=0)
[2019.10.30-04.03.53:933][  0]LogConfig: Setting CVar [[r.Vulkan.UseRealUBs:0		; Required until we fix HLR fall-out]]
[2019.10.30-04.03.53:933][  0]LogInit: Going up to parent DeviceProfile []
[2019.10.30-04.03.53:934][  0]LogConfig: Applying CVar settings from Section [ViewDistanceQuality@3] File [C:/16Eom/UE4Study/ArenaBattle/Saved/Config/Windows/Scalability.ini]
[2019.10.30-04.03.53:934][  0]LogConfig: Setting CVar [[r.SkeletalMeshLODBias:0]]
[2019.10.30-04.03.53:934][  0]LogConfig: Setting CVar [[r.ViewDistanceScale:1.0]]
[2019.10.30-04.03.53:934][  0]LogConfig: Applying CVar settings from Section [AntiAliasingQuality@3] File [C:/16Eom/UE4Study/ArenaBattle/Saved/Config/Windows/Scalability.ini]
[2019.10.30-04.03.53:934][  0]LogConfig: Setting CVar [[r.PostProcessAAQuality:4]]
[2019.10.30-04.03.53:934][  0]LogConfig: Applying CVar settings from Section [ShadowQuality@3] File [C:/16Eom/UE4Study/ArenaBattle/Saved/Config/Windows/Scalability.ini]
[2019.10.30-04.03.53:934][  0]LogConfig: Setting CVar [[r.LightFunctionQuality:1]]
[2019.10.30-04.03.53:934][  0]LogConfig: Setting CVar [[r.ShadowQuality:5]]
[2019.10.30-04.03.53:934][  0]LogConfig: Setting CVar [[r.Shadow.CSM.MaxCascades:10]]
[2019.10.30-04.03.53:934][  0]LogConfig: Setting CVar [[r.Shadow.MaxResolution:2048]]
[2019.10.30-04.03.53:934][  0]LogConfig: Setting CVar [[r.Shadow.MaxCSMResolution:2048]]
[2019.10.30-04.03.53:934][  0]LogConfig: Setting CVar [[r.Shadow.RadiusThreshold:0.01]]
[2019.10.30-04.03.53:934][  0]LogConfig: Setting CVar [[r.Shadow.DistanceScale:1.0]]
[2019.10.30-04.03.53:934][  0]LogConfig: Setting CVar [[r.Shadow.CSM.TransitionScale:1.0]]
[2019.10.30-04.03.53:934][  0]LogConfig: Setting CVar [[r.Shadow.PreShadowResolutionFactor:1.0]]
[2019.10.30-04.03.53:934][  0]LogConfig: Setting CVar [[r.DistanceFieldShadowing:1]]
[2019.10.30-04.03.53:934][  0]LogConfig: Setting CVar [[r.DistanceFieldAO:1]]
[2019.10.30-04.03.53:934][  0]LogConfig: Setting CVar [[r.AOQuality:2]]
[2019.10.30-04.03.53:934][  0]LogConfig: Setting CVar [[r.VolumetricFog:1]]
[2019.10.30-04.03.53:934][  0]LogConfig: Setting CVar [[r.VolumetricFog.GridPixelSize:8]]
[2019.10.30-04.03.53:934][  0]LogConfig: Setting CVar [[r.VolumetricFog.GridSizeZ:128]]
[2019.10.30-04.03.53:934][  0]LogConfig: Setting CVar [[r.VolumetricFog.HistoryMissSupersampleCount:4]]
[2019.10.30-04.03.53:934][  0]LogConfig: Setting CVar [[r.LightMaxDrawDistanceScale:1]]
[2019.10.30-04.03.53:934][  0]LogConfig: Setting CVar [[r.CapsuleShadows:1]]
[2019.10.30-04.03.53:934][  0]LogConfig: Applying CVar settings from Section [PostProcessQuality@3] File [C:/16Eom/UE4Study/ArenaBattle/Saved/Config/Windows/Scalability.ini]
[2019.10.30-04.03.53:934][  0]LogConfig: Setting CVar [[r.MotionBlurQuality:4]]
[2019.10.30-04.03.53:934][  0]LogConfig: Setting CVar [[r.AmbientOcclusionMipLevelFactor:0.4]]
[2019.10.30-04.03.53:934][  0]LogConfig: Setting CVar [[r.AmbientOcclusionMaxQuality:100]]
[2019.10.30-04.03.53:934][  0]LogConfig: Setting CVar [[r.AmbientOcclusionLevels:-1]]
[2019.10.30-04.03.53:934][  0]LogConfig: Setting CVar [[r.AmbientOcclusionRadiusScale:1.0]]
[2019.10.30-04.03.53:934][  0]LogConfig: Setting CVar [[r.DepthOfFieldQuality:2]]
[2019.10.30-04.03.53:934][  0]LogConfig: Setting CVar [[r.RenderTargetPoolMin:400]]
[2019.10.30-04.03.53:934][  0]LogConfig: Setting CVar [[r.LensFlareQuality:2]]
[2019.10.30-04.03.53:934][  0]LogConfig: Setting CVar [[r.SceneColorFringeQuality:1]]
[2019.10.30-04.03.53:934][  0]LogConfig: Setting CVar [[r.EyeAdaptationQuality:2]]
[2019.10.30-04.03.53:934][  0]LogConfig: Setting CVar [[r.BloomQuality:5]]
[2019.10.30-04.03.53:934][  0]LogConfig: Setting CVar [[r.FastBlurThreshold:100]]
[2019.10.30-04.03.53:934][  0]LogConfig: Setting CVar [[r.Upscale.Quality:3]]
[2019.10.30-04.03.53:934][  0]LogConfig: Setting CVar [[r.Tonemapper.GrainQuantization:1]]
[2019.10.30-04.03.53:934][  0]LogConfig: Setting CVar [[r.LightShaftQuality:1]]
[2019.10.30-04.03.53:934][  0]LogConfig: Setting CVar [[r.Filter.SizeScale:1]]
[2019.10.30-04.03.53:934][  0]LogConfig: Setting CVar [[r.Tonemapper.Quality:5]]
[2019.10.30-04.03.53:934][  0]LogConfig: Setting CVar [[r.DOF.Gather.AccumulatorQuality:1        ; higher gathering accumulator quality]]
[2019.10.30-04.03.53:934][  0]LogConfig: Setting CVar [[r.DOF.Gather.PostfilterMethod:1          ; Median3x3 postfilering method]]
[2019.10.30-04.03.53:934][  0]LogConfig: Setting CVar [[r.DOF.Gather.EnableBokehSettings:0       ; no bokeh simulation when gathering]]
[2019.10.30-04.03.53:934][  0]LogConfig: Setting CVar [[r.DOF.Gather.RingCount:4                 ; medium number of samples when gathering]]
[2019.10.30-04.03.53:934][  0]LogConfig: Setting CVar [[r.DOF.Scatter.ForegroundCompositing:1    ; additive foreground scattering]]
[2019.10.30-04.03.53:934][  0]LogConfig: Setting CVar [[r.DOF.Scatter.BackgroundCompositing:2    ; additive background scattering]]
[2019.10.30-04.03.53:934][  0]LogConfig: Setting CVar [[r.DOF.Scatter.EnableBokehSettings:1      ; bokeh simulation when scattering]]
[2019.10.30-04.03.53:934][  0]LogConfig: Setting CVar [[r.DOF.Scatter.MaxSpriteRatio:0.1         ; only a maximum of 10% of scattered bokeh]]
[2019.10.30-04.03.53:934][  0]LogConfig: Setting CVar [[r.DOF.Recombine.Quality:1                ; cheap slight out of focus]]
[2019.10.30-04.03.53:934][  0]LogConfig: Setting CVar [[r.DOF.Recombine.EnableBokehSettings:0    ; no bokeh simulation on slight out of focus]]
[2019.10.30-04.03.53:934][  0]LogConfig: Setting CVar [[r.DOF.TemporalAAQuality:1                ; more stable temporal accumulation]]
[2019.10.30-04.03.53:934][  0]LogConfig: Setting CVar [[r.DOF.Kernel.MaxForegroundRadius:0.025]]
[2019.10.30-04.03.53:934][  0]LogConfig: Setting CVar [[r.DOF.Kernel.MaxBackgroundRadius:0.025]]
[2019.10.30-04.03.53:934][  0]LogConfig: Applying CVar settings from Section [TextureQuality@3] File [C:/16Eom/UE4Study/ArenaBattle/Saved/Config/Windows/Scalability.ini]
[2019.10.30-04.03.53:934][  0]LogConfig: Setting CVar [[r.Streaming.MipBias:0]]
[2019.10.30-04.03.53:934][  0]LogConfig: Setting CVar [[r.Streaming.AmortizeCPUToGPUCopy:0]]
[2019.10.30-04.03.53:934][  0]LogConfig: Setting CVar [[r.Streaming.MaxNumTexturesToStreamPerFrame:0]]
[2019.10.30-04.03.53:934][  0]LogConfig: Setting CVar [[r.Streaming.Boost:1]]
[2019.10.30-04.03.53:934][  0]LogConfig: Setting CVar [[r.MaxAnisotropy:8]]
[2019.10.30-04.03.53:934][  0]LogConfig: Setting CVar [[r.Streaming.LimitPoolSizeToVRAM:0]]
[2019.10.30-04.03.53:934][  0]LogConfig: Setting CVar [[r.Streaming.PoolSize:1000]]
[2019.10.30-04.03.53:934][  0]LogConfig: Setting CVar [[r.Streaming.MaxEffectiveScreenSize:0]]
[2019.10.30-04.03.53:934][  0]LogConfig: Applying CVar settings from Section [EffectsQuality@3] File [C:/16Eom/UE4Study/ArenaBattle/Saved/Config/Windows/Scalability.ini]
[2019.10.30-04.03.53:934][  0]LogConfig: Setting CVar [[r.TranslucencyLightingVolumeDim:64]]
[2019.10.30-04.03.53:934][  0]LogConfig: Setting CVar [[r.RefractionQuality:2]]
[2019.10.30-04.03.53:934][  0]LogConfig: Setting CVar [[r.SSR.Quality:3]]
[2019.10.30-04.03.53:934][  0]LogConfig: Setting CVar [[r.SceneColorFormat:4]]
[2019.10.30-04.03.53:934][  0]LogConfig: Setting CVar [[r.DetailMode:2]]
[2019.10.30-04.03.53:934][  0]LogConfig: Setting CVar [[r.TranslucencyVolumeBlur:1]]
[2019.10.30-04.03.53:934][  0]LogConfig: Setting CVar [[r.MaterialQualityLevel:1 ; High quality]]
[2019.10.30-04.03.53:934][  0]LogConfig: Setting CVar [[r.SSS.Scale:1]]
[2019.10.30-04.03.53:934][  0]LogConfig: Setting CVar [[r.SSS.SampleSet:2]]
[2019.10.30-04.03.53:934][  0]LogConfig: Setting CVar [[r.SSS.Quality:1]]
[2019.10.30-04.03.53:934][  0]LogConfig: Setting CVar [[r.SSS.HalfRes:1]]
[2019.10.30-04.03.53:934][  0]LogConfig: Setting CVar [[r.EmitterSpawnRateScale:1.0]]
[2019.10.30-04.03.53:934][  0]LogConfig: Setting CVar [[r.ParticleLightQuality:2]]
[2019.10.30-04.03.53:934][  0]LogConfig: Applying CVar settings from Section [FoliageQuality@3] File [C:/16Eom/UE4Study/ArenaBattle/Saved/Config/Windows/Scalability.ini]
[2019.10.30-04.03.53:934][  0]LogConfig: Setting CVar [[foliage.DensityScale:1.0]]
[2019.10.30-04.03.53:934][  0]LogConfig: Setting CVar [[grass.DensityScale:1.0]]
[2019.10.30-04.03.53:934][  0]LogConfig: Applying CVar settings from Section [Startup] File [../../../Engine/Config/ConsoleVariables.ini]
[2019.10.30-04.03.53:939][  0]LogConfig: Setting CVar [[net.UseAdaptiveNetUpdateFrequency:0]]
[2019.10.30-04.03.53:939][  0]LogConfig: Setting CVar [[p.chaos.AllowCreatePhysxBodies:1]]
[2019.10.30-04.03.53:939][  0]LogConfig: Applying CVar settings from Section [ConsoleVariables] File [C:/16Eom/UE4Study/ArenaBattle/Saved/Config/Windows/Engine.ini]
[2019.10.30-04.03.53:942][  0]LogInit: Computer: NOW2-207-07
[2019.10.30-04.03.53:942][  0]LogInit: User: NOW220707
[2019.10.30-04.03.53:942][  0]LogInit: CPU Page size=4096, Cores=4
[2019.10.30-04.03.53:942][  0]LogInit: High frequency timer resolution =3.328126 MHz
[2019.10.30-04.03.53:942][  0]LogMemory: Memory total: Physical=15.9GB (16GB approx)
[2019.10.30-04.03.53:942][  0]LogMemory: Platform Memory Stats for Windows
[2019.10.30-04.03.53:942][  0]LogMemory: Process Physical Memory: 96.25 MB used, 96.25 MB peak
[2019.10.30-04.03.53:942][  0]LogMemory: Process Virtual Memory: 83.92 MB used, 83.92 MB peak
[2019.10.30-04.03.53:942][  0]LogMemory: Physical Memory: 3545.67 MB used,  12717.54 MB free, 16263.21 MB total
[2019.10.30-04.03.53:942][  0]LogMemory: Virtual Memory: 506.93 MB used,  134217224.00 MB free, 134217728.00 MB total
[2019.10.30-04.03.54:183][  0]LogInit: Using OS detected language (ko-KR).
[2019.10.30-04.03.54:183][  0]LogInit: Using OS detected locale (ko-KR).
[2019.10.30-04.03.54:184][  0]LogTextLocalizationManager: No specific localization for 'ko-KR' exists, so the 'ko' localization will be used.
[2019.10.30-04.03.54:378][  0]LogInit: Setting process to per monitor DPI aware
[2019.10.30-04.03.54:466][  0]LogSlate: New Slate User Created.  User Index 0, Is Virtual User: 0
[2019.10.30-04.03.54:466][  0]LogSlate: Slate User Registered.  User Index 0, Is Virtual User: 0
[2019.10.30-04.03.56:513][  0]LogHMD: Failed to initialize OpenVR with code 110
[2019.10.30-04.03.56:513][  0]LogD3D11RHI: D3D11 adapters:
[2019.10.30-04.03.56:552][  0]LogD3D11RHI:    0. 'Radeon (TM) RX 480 Graphics' (Feature Level 11_0)
[2019.10.30-04.03.56:552][  0]LogD3D11RHI:       4044/0/8131 MB DedicatedVideo/DedicatedSystem/SharedSystem, Outputs:1, VendorId:0x1002
[2019.10.30-04.03.56:561][  0]LogD3D11RHI:    1. 'Intel(R) HD Graphics 630' (Feature Level 11_0)
[2019.10.30-04.03.56:561][  0]LogD3D11RHI:       128/0/8131 MB DedicatedVideo/DedicatedSystem/SharedSystem, Outputs:0, VendorId:0x8086
[2019.10.30-04.03.56:563][  0]LogD3D11RHI:    2. 'Microsoft Basic Render Driver' (Feature Level 11_0)
[2019.10.30-04.03.56:563][  0]LogD3D11RHI:       0/0/8131 MB DedicatedVideo/DedicatedSystem/SharedSystem, Outputs:0, VendorId:0x1414
[2019.10.30-04.03.56:563][  0]LogD3D11RHI: Chosen D3D11 Adapter: 0
[2019.10.30-04.03.56:569][  0]LogD3D11RHI: Creating new Direct3DDevice
[2019.10.30-04.03.56:569][  0]LogD3D11RHI:     GPU DeviceId: 0x67df (for the marketing name, search the web for "GPU Device Id")
[2019.10.30-04.03.56:569][  0]LogWindows: EnumDisplayDevices:
[2019.10.30-04.03.56:569][  0]LogWindows:    0. 'Radeon (TM) RX 480 Graphics' (P:1 D:1)
[2019.10.30-04.03.56:570][  0]LogWindows:    1. 'Radeon (TM) RX 480 Graphics' (P:0 D:0)
[2019.10.30-04.03.56:570][  0]LogWindows:    2. 'Radeon (TM) RX 480 Graphics' (P:0 D:0)
[2019.10.30-04.03.56:571][  0]LogWindows:    3. 'Radeon (TM) RX 480 Graphics' (P:0 D:0)
[2019.10.30-04.03.56:572][  0]LogWindows:    4. 'Radeon (TM) RX 480 Graphics' (P:0 D:0)
[2019.10.30-04.03.56:572][  0]LogWindows:    5. 'Radeon (TM) RX 480 Graphics' (P:0 D:0)
[2019.10.30-04.03.56:573][  0]LogWindows:    6. 'Intel(R) HD Graphics 630' (P:0 D:0)
[2019.10.30-04.03.56:574][  0]LogWindows:    7. 'Intel(R) HD Graphics 630' (P:0 D:0)
[2019.10.30-04.03.56:574][  0]LogWindows:    8. 'Intel(R) HD Graphics 630' (P:0 D:0)
[2019.10.30-04.03.56:575][  0]LogWindows: DebugString: PrimaryIsNotTheChoosenAdapter PrimaryIsNotTheChoosenAdapter PrimaryIsNotTheChoosenAdapter FoundDriverCount:6 
[2019.10.30-04.03.56:575][  0]LogD3D11RHI:     Adapter Name: Radeon (TM) RX 480 Graphics
[2019.10.30-04.03.56:575][  0]LogD3D11RHI:   Driver Version: Crimson ReLive 17.1.1 (internal:22.19.162.4, unified:22.19.162.4)
[2019.10.30-04.03.56:575][  0]LogD3D11RHI:      Driver Date: 4-24-2017
[2019.10.30-04.03.56:575][  0]LogRHI: Texture pool is 2830 MB (70% of 4044 MB)
[2019.10.30-04.03.56:849][  0]LogD3D11RHI: Async texture creation enabled
[2019.10.30-04.03.56:861][  0]LogRendererCore: FGlobalReadBuffer::InitRHI
[2019.10.30-04.03.56:862][  0]LogRendererCore: FGlobalReadBuffer::InitRHI
[2019.10.30-04.03.56:862][  0]LogRendererCore: FGlobalReadBuffer::InitRHI
[2019.10.30-04.03.56:871][  0]LogD3D11RHI: GPU Timing Frequency: 25.000000 (Debug: 2 1)
[2019.10.30-04.03.57:235][  0]LogTemp: Display: Module 'AllDesktopTargetPlatform' loaded TargetPlatform 'AllDesktop'
[2019.10.30-04.03.57:249][  0]LogTemp: Display: Module 'MacClientTargetPlatform' loaded TargetPlatform 'MacClient'
[2019.10.30-04.03.57:262][  0]LogTemp: Display: Module 'MacNoEditorTargetPlatform' loaded TargetPlatform 'MacNoEditor'
[2019.10.30-04.03.57:275][  0]LogTemp: Display: Module 'MacServerTargetPlatform' loaded TargetPlatform 'MacServer'
[2019.10.30-04.03.57:293][  0]LogTemp: Display: Module 'MacTargetPlatform' loaded TargetPlatform 'Mac'
[2019.10.30-04.03.57:308][  0]LogTemp: Display: Module 'WindowsClientTargetPlatform' loaded TargetPlatform 'WindowsClient'
[2019.10.30-04.03.57:321][  0]LogTemp: Display: Module 'WindowsNoEditorTargetPlatform' loaded TargetPlatform 'WindowsNoEditor'
[2019.10.30-04.03.57:336][  0]LogTemp: Display: Module 'WindowsServerTargetPlatform' loaded TargetPlatform 'WindowsServer'
[2019.10.30-04.03.57:344][  0]LogTemp: Display: Module 'WindowsTargetPlatform' loaded TargetPlatform 'Windows'
[2019.10.30-04.03.57:429][  0]LogTemp: Display: Module 'AndroidTargetPlatform' loaded TargetPlatform 'Android'
[2019.10.30-04.03.57:429][  0]LogTemp: Display: Module 'AndroidTargetPlatform' loaded TargetPlatform 'Android_ASTC'
[2019.10.30-04.03.57:429][  0]LogTemp: Display: Module 'AndroidTargetPlatform' loaded TargetPlatform 'Android_ATC'
[2019.10.30-04.03.57:429][  0]LogTemp: Display: Module 'AndroidTargetPlatform' loaded TargetPlatform 'Android_DXT'
[2019.10.30-04.03.57:429][  0]LogTemp: Display: Module 'AndroidTargetPlatform' loaded TargetPlatform 'Android_ETC1'
[2019.10.30-04.03.57:429][  0]LogTemp: Display: Module 'AndroidTargetPlatform' loaded TargetPlatform 'Android_ETC1a'
[2019.10.30-04.03.57:429][  0]LogTemp: Display: Module 'AndroidTargetPlatform' loaded TargetPlatform 'Android_ETC2'
[2019.10.30-04.03.57:429][  0]LogTemp: Display: Module 'AndroidTargetPlatform' loaded TargetPlatform 'Android_PVRTC'
[2019.10.30-04.03.57:429][  0]LogTemp: Display: Module 'AndroidTargetPlatform' loaded TargetPlatform 'AndroidClient'
[2019.10.30-04.03.57:429][  0]LogTemp: Display: Module 'AndroidTargetPlatform' loaded TargetPlatform 'Android_ASTCClient'
[2019.10.30-04.03.57:429][  0]LogTemp: Display: Module 'AndroidTargetPlatform' loaded TargetPlatform 'Android_ATCClient'
[2019.10.30-04.03.57:429][  0]LogTemp: Display: Module 'AndroidTargetPlatform' loaded TargetPlatform 'Android_DXTClient'
[2019.10.30-04.03.57:429][  0]LogTemp: Display: Module 'AndroidTargetPlatform' loaded TargetPlatform 'Android_ETC1Client'
[2019.10.30-04.03.57:429][  0]LogTemp: Display: Module 'AndroidTargetPlatform' loaded TargetPlatform 'Android_ETC1aClient'
[2019.10.30-04.03.57:429][  0]LogTemp: Display: Module 'AndroidTargetPlatform' loaded TargetPlatform 'Android_ETC2Client'
[2019.10.30-04.03.57:429][  0]LogTemp: Display: Module 'AndroidTargetPlatform' loaded TargetPlatform 'Android_PVRTCClient'
[2019.10.30-04.03.57:429][  0]LogTemp: Display: Module 'AndroidTargetPlatform' loaded TargetPlatform 'Android_Multi'
[2019.10.30-04.03.57:429][  0]LogTemp: Display: Module 'AndroidTargetPlatform' loaded TargetPlatform 'Android_MultiClient'
[2019.10.30-04.03.57:432][  0]LogTemp: Display: Module 'HTML5TargetPlatform' loaded TargetPlatform 'HTML5'
[2019.10.30-04.03.57:503][  0]LogTemp: Display: Module 'IOSTargetPlatform' loaded TargetPlatform 'IOSClient'
[2019.10.30-04.03.57:503][  0]LogTemp: Display: Module 'IOSTargetPlatform' loaded TargetPlatform 'IOS'
[2019.10.30-04.03.57:525][  0]LogTemp: Display: Module 'TVOSTargetPlatform' loaded TargetPlatform 'TVOSClient'
[2019.10.30-04.03.57:525][  0]LogTemp: Display: Module 'TVOSTargetPlatform' loaded TargetPlatform 'TVOS'
[2019.10.30-04.03.57:539][  0]LogTemp: Display: Module 'LinuxClientTargetPlatform' loaded TargetPlatform 'LinuxClient'
[2019.10.30-04.03.57:553][  0]LogTemp: Display: Module 'LinuxNoEditorTargetPlatform' loaded TargetPlatform 'LinuxNoEditor'
[2019.10.30-04.03.57:565][  0]LogTemp: Display: Module 'LinuxServerTargetPlatform' loaded TargetPlatform 'LinuxServer'
[2019.10.30-04.03.57:585][  0]LogTemp: Display: Module 'LinuxTargetPlatform' loaded TargetPlatform 'Linux'
[2019.10.30-04.03.57:631][  0]LogTemp: Display: Module 'LuminTargetPlatform' loaded TargetPlatform 'Lumin'
[2019.10.30-04.03.57:631][  0]LogTemp: Display: Module 'LuminTargetPlatform' loaded TargetPlatform 'LuminClient'
[2019.10.30-04.03.57:631][  0]LogTargetPlatformManager: Display: Building Assets For Windows
[2019.10.30-04.03.57:688][  0]LogAudioDebug: Display: Lib vorbis DLL was dynamically loaded.
[2019.10.30-04.03.57:837][  0]LogShaderCompilers: Guid format shader working directory is 8 characters bigger than the processId version (../../../../../../16Eom/UE4Study/ArenaBattle/Intermediate/Shaders/WorkingDirectory/5192/).
[2019.10.30-04.03.57:837][  0]LogShaderCompilers: Cleaned the shader compiler working directory 'C:/Users/NOW2-207-07/AppData/Local/Temp/UnrealShaderWorkingDir/9A210BB2434FD7C327DD469B1CF4D15F/'.
[2019.10.30-04.03.57:840][  0]LogXGEController: Cleaning working directory: C:/Users/NOW2-207-07/AppData/Local/Temp/UnrealXGEWorkingDir/
[2019.10.30-04.03.57:841][  0]LogXGEController: Cannot use XGE Controller as Incredibuild is not installed on this machine.
[2019.10.30-04.03.57:841][  0]LogShaderCompilers: Cannot use XGE Shader Compiler as Incredibuild is not installed on this machine.
[2019.10.30-04.03.57:841][  0]LogShaderCompilers: Display: Using Local Shader Compiler.
[2019.10.30-04.03.59:973][  0]LogDerivedDataCache: Display: Max Cache Size: 512 MB
[2019.10.30-04.04.00:194][  0]LogDerivedDataCache: Loaded boot cache 0.22s 75MB C:/Users/NOW2-207-07/AppData/Local/UnrealEngine/4.22/DerivedDataCache/Boot.ddc.
[2019.10.30-04.04.00:195][  0]LogDerivedDataCache: Display: Loaded Boot cache: C:/Users/NOW2-207-07/AppData/Local/UnrealEngine/4.22/DerivedDataCache/Boot.ddc
[2019.10.30-04.04.00:195][  0]LogDerivedDataCache: FDerivedDataBackendGraph:  Pak pak cache file ../../../../../../16Eom/UE4Study/ArenaBattle/DerivedDataCache/DDC.ddp not found, will not use a pak cache.
[2019.10.30-04.04.00:195][  0]LogDerivedDataCache: Unable to find inner node Pak for hierarchical cache Hierarchy.
[2019.10.30-04.04.00:195][  0]LogDerivedDataCache: FDerivedDataBackendGraph:  CompressedPak pak cache file ../../../../../../16Eom/UE4Study/ArenaBattle/DerivedDataCache/Compressed.ddp not found, will not use a pak cache.
[2019.10.30-04.04.00:195][  0]LogDerivedDataCache: Unable to find inner node CompressedPak for hierarchical cache Hierarchy.
[2019.10.30-04.04.00:216][  0]LogDerivedDataCache: Display: Pak cache opened for reading ../../../Engine/DerivedDataCache/Compressed.ddp.
[2019.10.30-04.04.00:216][  0]LogDerivedDataCache: FDerivedDataBackendGraph:  EnterprisePak pak cache file ../../../Enterprise/DerivedDataCache/Compressed.ddp not found, will not use a pak cache.
[2019.10.30-04.04.00:216][  0]LogDerivedDataCache: Unable to find inner node EnterprisePak for hierarchical cache Hierarchy.
[2019.10.30-04.04.00:230][  0]LogDerivedDataCache: Using Local data cache path C:/Users/NOW2-207-07/AppData/Local/UnrealEngine/Common/DerivedDataCache: Writable
[2019.10.30-04.04.00:230][  0]LogDerivedDataCache: Shared data cache path not found in *engine.ini, will not use an Shared cache.
[2019.10.30-04.04.00:230][  0]LogDerivedDataCache: Unable to find inner node Shared for hierarchical cache Hierarchy.
[2019.10.30-04.04.00:253][  0]LogMaterial: Verifying Global Shaders for PCD3D_SM5
[2019.10.30-04.04.00:263][  0]LogSlate: Using FreeType 2.6.0
[2019.10.30-04.04.00:275][  0]LogSlate: SlateFontServices - WITH_FREETYPE: 1, WITH_HARFBUZZ: 1
[2019.10.30-04.04.00:562][  0]LogAssetRegistry: FAssetRegistry took 0.0358 seconds to start up
[2019.10.30-04.04.00:997][  0]LogInit: Selected Device Profile: [Windows]
[2019.10.30-04.04.01:324][  0]LogMeshReduction: Using QuadricMeshReduction for automatic static mesh reduction
[2019.10.30-04.04.01:324][  0]LogMeshReduction: Using SimplygonMeshReduction for automatic skeletal mesh reduction
[2019.10.30-04.04.01:324][  0]LogMeshReduction: Using ProxyLODMeshReduction for automatic mesh merging
[2019.10.30-04.04.01:324][  0]LogMeshReduction: No distributed automatic mesh merging module available
[2019.10.30-04.04.01:324][  0]LogMeshMerging: No distributed automatic mesh merging module available
[2019.10.30-04.04.01:381][  0]LogNetVersion: ArenaBattle 1.0.0, NetCL: 5660361, EngineNetVer: 10, GameNetVer: 0 (Checksum: 815535894)
[2019.10.30-04.04.02:576][  0]LogPackageLocalizationCache: Processed 10 localized package path(s) for 1 prioritized culture(s) in 0.043101 seconds
[2019.10.30-04.04.02:583][  0]LogUObjectArray: 42205 objects as part of root set at end of initial load.
[2019.10.30-04.04.02:583][  0]LogUObjectAllocator: 7325032 out of 0 bytes used by permanent object pool.
[2019.10.30-04.04.02:583][  0]LogUObjectArray: CloseDisregardForGC: 0/0 objects in disregard for GC pool
[2019.10.30-04.04.05:795][  0]LogTcpMessaging: Initializing TcpMessaging bridge
[2019.10.30-04.04.05:812][  0]LogUdpMessaging: Initializing bridge on interface 0.0.0.0:0 to multicast group 230.0.0.1:6666.
[2019.10.30-04.04.06:346][  0]SourceControl: 소스 컨트롤이 꺼져 있습니다.
[2019.10.30-04.04.06:347][  0]SourceControl: 소스 컨트롤이 꺼져 있습니다.
[2019.10.30-04.04.06:361][  0]SourceControl: 소스 컨트롤이 꺼져 있습니다.
[2019.10.30-04.04.06:368][  0]SourceControl: 소스 컨트롤이 꺼져 있습니다.
[2019.10.30-04.04.06:652][  0]LogAndroidPermission: UAndroidPermissionCallbackProxy::GetInstance
[2019.10.30-04.04.06:792][  0]LogOcInput: OculusInput pre-init called
[2019.10.30-04.04.07:648][  0]LogEngine: Initializing Engine...
[2019.10.30-04.04.07:651][  0]LogHMD: Failed to initialize OpenVR with code 110
[2019.10.30-04.04.07:654][  0]LogStats: UGameplayTagsManager::InitializeManager -  0.001 s
[2019.10.30-04.04.08:044][  0]LogInit: Initializing FReadOnlyCVARCache
[2019.10.30-04.04.08:098][  0]LogAIModule: Creating AISystem for world Untitled
[2019.10.30-04.04.08:142][  0]LogInit: XAudio2 using '스피커(Conexant HD Audio)' : 2 channels at 48 kHz using 32 bits per sample (channel mask 0x3)
[2019.10.30-04.04.08:380][  0]LogInit: FAudioDevice initialized.
[2019.10.30-04.04.08:380][  0]LogNetVersion: Set ProjectVersion to 1.0.0.0. Version Checksum will be recalculated on next use.
[2019.10.30-04.04.08:457][  0]LogDerivedDataCache: Saved boot cache 0.08s 75MB C:/Users/NOW2-207-07/AppData/Local/UnrealEngine/4.22/DerivedDataCache/Boot.ddc.
[2019.10.30-04.04.08:465][  0]LogInit: Texture streaming: Enabled
[2019.10.30-04.04.08:493][  0]LogEngineSessionManager: EngineSessionManager initialized
[2019.10.30-04.04.08:529][  0]LogInit: Transaction tracking system initialized
[2019.10.30-04.04.08:596][  0]BlueprintLog: New page: 에디터 로드
[2019.10.30-04.04.08:829][  0]LocalizationService: 현지화 서비스가 비활성화되었습니다.
[2019.10.30-04.04.09:484][  0]LogFileCache: Scanning file cache for directory 'C:/16Eom/UE4Study/ArenaBattle/Content/' took 0.02s
[2019.10.30-04.04.09:484][  0]LogCook: Display: Max memory allowance for cook 16384mb min free memory 0mb
[2019.10.30-04.04.09:484][  0]LogCook: Display: Mobile HDR setting 1
[2019.10.30-04.04.09:990][  0]SourceControl: 소스 컨트롤이 꺼져 있습니다.
[2019.10.30-04.04.09:992][  0]Cmd: MAP LOAD FILE="../../../../../../16Eom/UE4Study/ArenaBattle/Content/ThirdPersonBP/Maps/ThirdPersonExampleMap.umap" TEMPLATE=0 SHOWPROGRESS=1 FEATURELEVEL=3
[2019.10.30-04.04.09:997][  0]LightingResults: New page: 라이팅 빌드
[2019.10.30-04.04.10:007][  0]MapCheck: New page: 맵 체크
[2019.10.30-04.04.10:007][  0]LightingResults: New page: 라이팅 빌드
[2019.10.30-04.04.10:040][  0]LogUObjectHash: Compacting FUObjectHashTables data took   1.67ms
[2019.10.30-04.04.10:611][  0]LogAIModule: Creating AISystem for world ThirdPersonExampleMap
[2019.10.30-04.04.10:647][  0]LogEditorServer: Finished looking for orphan Actors (0.000 secs)
[2019.10.30-04.04.10:676][  0]LogUObjectHash: Compacting FUObjectHashTables data took   1.72ms
[2019.10.30-04.04.10:676][  0]Cmd: MAP CHECKDEP NOCLEARLOG
[2019.10.30-04.04.10:676][  0]MapCheck: 맵 체크 완료: 오류 0 회, 경고 0 회, 소요 시간 0.167ms.
[2019.10.30-04.04.10:676][  0]LogFileHelpers: Loading map 'ThirdPersonExampleMap' took 0.686
[2019.10.30-04.04.10:885][  0]LogSlate: Updating window title bar state: overlay mode, drag disabled, window buttons hidden, title bar hidden
[2019.10.30-04.04.10:892][  0]LogSlate: Updating window title bar state: overlay mode, drag disabled, window buttons hidden, title bar hidden
[2019.10.30-04.04.10:898][  0]LogSlate: Updating window title bar state: overlay mode, drag disabled, window buttons hidden, title bar hidden
[2019.10.30-04.04.10:905][  0]LogSlate: Updating window title bar state: overlay mode, drag disabled, window buttons hidden, title bar hidden
[2019.10.30-04.04.10:926][  0]LogCollectionManager: Loaded 0 collections in 0.001264 seconds
[2019.10.30-04.04.10:985][  0]LogFileCache: Scanning file cache for directory 'C:/16Eom/UE4Study/ArenaBattle/Saved/Collections/' took 0.01s
[2019.10.30-04.04.10:985][  0]LogFileCache: Scanning file cache for directory 'C:/16Eom/UE4Study/ArenaBattle/Content/Developers/NOW220707/Collections/' took 0.01s
[2019.10.30-04.04.10:985][  0]LogFileCache: Scanning file cache for directory 'C:/16Eom/UE4Study/ArenaBattle/Content/Collections/' took 0.01s
[2019.10.30-04.04.10:985][  0]LogCollectionManager: Rebuilt the GUID cache for 0 collections in 0.000001 seconds
[2019.10.30-04.04.10:997][  0]LogContentBrowser: Native class hierarchy populated in 0.0098 seconds. Added 2738 classes and 661 folders.
[2019.10.30-04.04.11:014][  0]LogContentBrowser: Native class hierarchy updated for 'WidgetCarousel' in 0.0004 seconds. Added 0 classes and 0 folders.
[2019.10.30-04.04.11:024][  0]LogPakFile: Registered encryption key '00000000000000000000000000000000': 0 pak files mounted, 0 remain pending
[2019.10.30-04.04.11:033][  0]LogPakFile: Registered encryption key '00000000000000000000000000000000': 0 pak files mounted, 0 remain pending
[2019.10.30-04.04.11:048][  0]LogPakFile: Registered encryption key '00000000000000000000000000000000': 0 pak files mounted, 0 remain pending
[2019.10.30-04.04.11:054][  0]LogPakFile: Registered encryption key '00000000000000000000000000000000': 0 pak files mounted, 0 remain pending
[2019.10.30-04.04.11:060][  0]LogPakFile: Registered encryption key '00000000000000000000000000000000': 0 pak files mounted, 0 remain pending
[2019.10.30-04.04.11:066][  0]LogPakFile: Registered encryption key '00000000000000000000000000000000': 0 pak files mounted, 0 remain pending
[2019.10.30-04.04.11:071][  0]LogPakFile: Registered encryption key '00000000000000000000000000000000': 0 pak files mounted, 0 remain pending
[2019.10.30-04.04.11:076][  0]LogPakFile: Registered encryption key '00000000000000000000000000000000': 0 pak files mounted, 0 remain pending
[2019.10.30-04.04.11:083][  0]LogPakFile: Registered encryption key '00000000000000000000000000000000': 0 pak files mounted, 0 remain pending
[2019.10.30-04.04.11:090][  0]LogPakFile: Registered encryption key '00000000000000000000000000000000': 0 pak files mounted, 0 remain pending
[2019.10.30-04.04.11:095][  0]LogPakFile: Registered encryption key '00000000000000000000000000000000': 0 pak files mounted, 0 remain pending
[2019.10.30-04.04.11:100][  0]LogPakFile: Registered encryption key '00000000000000000000000000000000': 0 pak files mounted, 0 remain pending
[2019.10.30-04.04.11:106][  0]LogPakFile: Registered encryption key '00000000000000000000000000000000': 0 pak files mounted, 0 remain pending
[2019.10.30-04.04.11:112][  0]LogPakFile: Registered encryption key '00000000000000000000000000000000': 0 pak files mounted, 0 remain pending
[2019.10.30-04.04.11:117][  0]LogPakFile: Registered encryption key '00000000000000000000000000000000': 0 pak files mounted, 0 remain pending
[2019.10.30-04.04.11:123][  0]LogPakFile: Registered encryption key '00000000000000000000000000000000': 0 pak files mounted, 0 remain pending
[2019.10.30-04.04.11:149][  0]LogPakFile: Registered encryption key '00000000000000000000000000000000': 0 pak files mounted, 0 remain pending
[2019.10.30-04.04.11:155][  0]LogPakFile: Registered encryption key '00000000000000000000000000000000': 0 pak files mounted, 0 remain pending
[2019.10.30-04.04.11:161][  0]LogPakFile: Registered encryption key '00000000000000000000000000000000': 0 pak files mounted, 0 remain pending
[2019.10.30-04.04.11:166][  0]LogPakFile: Registered encryption key '00000000000000000000000000000000': 0 pak files mounted, 0 remain pending
[2019.10.30-04.04.11:173][  0]LogPakFile: Registered encryption key '00000000000000000000000000000000': 0 pak files mounted, 0 remain pending
[2019.10.30-04.04.11:178][  0]LogPakFile: Registered encryption key '00000000000000000000000000000000': 0 pak files mounted, 0 remain pending
[2019.10.30-04.04.11:184][  0]LogPakFile: Registered encryption key '00000000000000000000000000000000': 0 pak files mounted, 0 remain pending
[2019.10.30-04.04.11:190][  0]LogPakFile: Registered encryption key '00000000000000000000000000000000': 0 pak files mounted, 0 remain pending
[2019.10.30-04.04.11:196][  0]LogPakFile: Registered encryption key '00000000000000000000000000000000': 0 pak files mounted, 0 remain pending
[2019.10.30-04.04.11:202][  0]LogPakFile: Registered encryption key '00000000000000000000000000000000': 0 pak files mounted, 0 remain pending
[2019.10.30-04.04.11:333][  0]LogContentBrowser: Native class hierarchy updated for 'AddContentDialog' in 0.0003 seconds. Added 0 classes and 0 folders.
[2019.10.30-04.04.11:352][  0]LogContentBrowser: Native class hierarchy updated for 'SceneOutliner' in 0.0004 seconds. Added 1 classes and 2 folders.
[2019.10.30-04.04.11:535][  0]LogSlate: Took 0.005246 seconds to synchronously load lazily loaded font '../../../Engine/Content/Slate/Fonts/Roboto-Regular.ttf' (155K)
[2019.10.30-04.04.11:553][  0]LogSlate: Took 0.017381 seconds to synchronously load lazily loaded font '../../../Engine/Content/Editor/Slate/Fonts/NanumGothic.ttf' (4243K)
[2019.10.30-04.04.11:569][  0]LogSlate: Took 0.015562 seconds to synchronously load lazily loaded font '../../../Engine/Content/Editor/Slate/Fonts/NanumGothicBold.ttf' (4188K)
[2019.10.30-04.04.11:574][  0]LogSlate: Took 0.004992 seconds to synchronously load lazily loaded font '../../../Engine/Content/Slate/Fonts/Roboto-Bold.ttf' (160K)
[2019.10.30-04.04.11:584][  0]LogSlate: Took 0.004969 seconds to synchronously load lazily loaded font '../../../Engine/Content/Editor/Slate/Fonts/FontAwesome.ttf' (139K)
[2019.10.30-04.04.11:768][  0]LogRenderer: Reallocating scene render targets to support 1208x572 Format 10 NumSamples 1 (Frame:1).
[2019.10.30-04.04.11:942][  0]LogContentBrowser: Native class hierarchy updated for 'HierarchicalLODOutliner' in 0.0004 seconds. Added 0 classes and 0 folders.
[2019.10.30-04.04.11:942][  0]LogLoad: (Engine Initialization) Total time: 23.55 seconds
[2019.10.30-04.04.11:942][  0]LogLoad: (Engine Initialization) Total Blueprint compile time: 0.00 seconds
[2019.10.30-04.04.11:990][  0]LogAssetRegistry: Asset discovery search completed in 11.4497 seconds
[2019.10.30-04.04.11:992][  0]LogCollectionManager: Rebuilt the object cache for 0 collections in 0.000000 seconds (found 0 objects)
[2019.10.30-04.04.11:992][  0]LogCollectionManager: Fixed up redirectors for 0 collections in 0.000055 seconds (updated 0 objects)
[2019.10.30-04.04.11:996][  0]LogContentStreaming: Texture pool size now 1000 MB
[2019.10.30-04.04.12:037][  0]LogSlate: Took 0.006807 seconds to synchronously load lazily loaded font '../../../Engine/Content/Slate/Fonts/Roboto-Light.ttf' (167K)
[2019.10.30-04.04.14:562][189]LogEditorViewport: Clicking on Actor (context menu): StaticMeshActor (Linear_Stair_StaticMesh)
[2019.10.30-04.04.14:650][189]LogSlate: FSceneViewport::OnFocusLost() reason 2
[2019.10.30-04.04.15:597][291]LogEditorViewport: Clicking on Actor (context menu): StaticMeshActor (Bump_StaticMesh)
[2019.10.30-04.04.15:631][291]LogSlate: FSceneViewport::OnFocusLost() reason 2
[2019.10.30-04.04.16:233][361]LogEditorViewport: Clicking on Actor (LMB): StaticMeshActor (Wall11)
[2019.10.30-04.04.17:381][493]LogSlate: FSceneViewport::OnFocusLost() reason 2
[2019.10.30-04.04.17:627][522]LogSlate: FSceneViewport::OnFocusLost() reason 2
[2019.10.30-04.04.20:882][785]LogSlate: Only BGRA pngs, bmps or icos are supported in by External Image Picker
[2019.10.30-04.04.25:796][354]LogSlate: Took 0.000191 seconds to synchronously load lazily loaded font '../../../Engine/Content/Slate/Fonts/Roboto-Light.ttf' (167K)
[2019.10.30-04.04.41:589][ 92]LogAIModule: Creating AISystem for world Step1
[2019.10.30-04.04.50:546][ 72]LogSlate: Window '프로젝트 세팅' being destroyed
[2019.10.30-04.04.50:547][ 72]LogSlate: Window '프로젝트 세팅' being destroyed
[2019.10.30-04.04.51:354][167]LogTemp: Repeating last play command: 선택된 뷰포트
[2019.10.30-04.04.51:368][167]LogBlueprintUserMessages: Early PlayInEditor Detection: Level '/Game/ThirdPersonBP/Maps/ThirdPersonExampleMap.ThirdPersonExampleMap:PersistentLevel' has LevelScriptBlueprint '/Game/ThirdPersonBP/Maps/ThirdPersonExampleMap.ThirdPersonExampleMap:PersistentLevel.ThirdPersonExampleMap' with GeneratedClass '/Game/ThirdPersonBP/Maps/ThirdPersonExampleMap.ThirdPersonExampleMap_C' with ClassGeneratedBy '/Game/ThirdPersonBP/Maps/ThirdPersonExampleMap.ThirdPersonExampleMap:PersistentLevel.ThirdPersonExampleMap'
[2019.10.30-04.04.51:368][167]LogPlayLevel: PlayLevel: No blueprints needed recompiling
[2019.10.30-04.04.51:369][167]PIE: New page: PIE 세션: ThirdPersonExampleMap (2019. 10. 30. 오후 10:04:51)
[2019.10.30-04.04.51:381][167]LogPlayLevel: Creating play world package: /Game/ThirdPersonBP/Maps/UEDPIE_0_ThirdPersonExampleMap
[2019.10.30-04.04.51:403][167]LogPlayLevel: PIE: StaticDuplicateObject took: (0.021089s)
[2019.10.30-04.04.51:404][167]LogAIModule: Creating AISystem for world ThirdPersonExampleMap
[2019.10.30-04.04.51:404][167]LogPlayLevel: PIE: World Init took: (0.000921s)
[2019.10.30-04.04.51:404][167]LogPlayLevel: PIE: Created PIE world by copying editor world from /Game/ThirdPersonBP/Maps/ThirdPersonExampleMap.ThirdPersonExampleMap to /Game/ThirdPersonBP/Maps/UEDPIE_0_ThirdPersonExampleMap.ThirdPersonExampleMap (0.022406s)
[2019.10.30-04.04.51:449][167]LogUObjectHash: Compacting FUObjectHashTables data took   1.52ms
[2019.10.30-04.04.51:456][167]LogInit: XAudio2 using '스피커(Conexant HD Audio)' : 2 channels at 48 kHz using 32 bits per sample (channel mask 0x3)
[2019.10.30-04.04.51:463][167]LogInit: FAudioDevice initialized.
[2019.10.30-04.04.51:503][167]LogLoad: Game class is 'ThirdPersonGameMode_C'
[2019.10.30-04.04.51:506][167]LogWorld: Bringing World /Game/ThirdPersonBP/Maps/UEDPIE_0_ThirdPersonExampleMap.ThirdPersonExampleMap up for play (max tick rate 0) at 2019.10.30-13.04.51
[2019.10.30-04.04.51:507][167]LogWorld: Bringing up level for play took: 0.002005
[2019.10.30-04.04.51:530][167]LogContentBrowser: Native class hierarchy updated for 'MovieSceneCapture' in 0.0005 seconds. Added 20 classes and 0 folders.
[2019.10.30-04.04.51:532][167]PIE: /Game/ThirdPersonBP/Maps/UEDPIE_0_ThirdPersonExampleMap 에 대한 에디터에서 플레이 시작 시간: -0.523
[2019.10.30-04.04.51:532][167]LogBlueprintUserMessages: Late PlayInEditor Detection: Level '/Game/ThirdPersonBP/Maps/ThirdPersonExampleMap.ThirdPersonExampleMap:PersistentLevel' has LevelScriptBlueprint '/Game/ThirdPersonBP/Maps/ThirdPersonExampleMap.ThirdPersonExampleMap:PersistentLevel.ThirdPersonExampleMap' with GeneratedClass '/Game/ThirdPersonBP/Maps/ThirdPersonExampleMap.ThirdPersonExampleMap_C' with ClassGeneratedBy '/Game/ThirdPersonBP/Maps/ThirdPersonExampleMap.ThirdPersonExampleMap:PersistentLevel.ThirdPersonExampleMap'
[2019.10.30-04.04.53:051][343]LogBlueprintUserMessages: Early EndPlayMap Detection: Level '/Game/ThirdPersonBP/Maps/ThirdPersonExampleMap.ThirdPersonExampleMap:PersistentLevel' has LevelScriptBlueprint '/Game/ThirdPersonBP/Maps/ThirdPersonExampleMap.ThirdPersonExampleMap:PersistentLevel.ThirdPersonExampleMap' with GeneratedClass '/Game/ThirdPersonBP/Maps/ThirdPersonExampleMap.ThirdPersonExampleMap_C' with ClassGeneratedBy '/Game/ThirdPersonBP/Maps/ThirdPersonExampleMap.ThirdPersonExampleMap:PersistentLevel.ThirdPersonExampleMap'
[2019.10.30-04.04.53:052][343]LogSlate: Updating window title bar state: overlay mode, drag disabled, window buttons hidden, title bar hidden
[2019.10.30-04.04.53:077][343]LogPlayLevel: Display: Shutting down PIE online subsystems
[2019.10.30-04.04.53:077][343]LogBlueprintUserMessages: Late EndPlayMap Detection: Level '/Game/ThirdPersonBP/Maps/ThirdPersonExampleMap.ThirdPersonExampleMap:PersistentLevel' has LevelScriptBlueprint '/Game/ThirdPersonBP/Maps/ThirdPersonExampleMap.ThirdPersonExampleMap:PersistentLevel.ThirdPersonExampleMap' with GeneratedClass '/Game/ThirdPersonBP/Maps/ThirdPersonExampleMap.ThirdPersonExampleMap_C' with ClassGeneratedBy '/Game/ThirdPersonBP/Maps/ThirdPersonExampleMap.ThirdPersonExampleMap:PersistentLevel.ThirdPersonExampleMap'
[2019.10.30-04.04.53:104][343]LogSlate: Updating window title bar state: overlay mode, drag disabled, window buttons hidden, title bar hidden
[2019.10.30-04.04.53:107][343]LogUObjectHash: Compacting FUObjectHashTables data took   1.37ms
[2019.10.30-04.04.53:158][347]LogPlayLevel: Display: Destroying online subsystem :Context_5
[2019.10.30-04.04.53:638][404]LogAssetEditorManager: Opening Asset editor for World /Game/Book/Maps/Step1.Step1
[2019.10.30-04.04.53:662][404]LogUObjectHash: Compacting FUObjectHashTables data took   0.57ms
[2019.10.30-04.04.53:663][404]Cmd: MAP LOAD FILE="../../../../../../16Eom/UE4Study/ArenaBattle/Content/Book/Maps/Step1.umap" TEMPLATE=0 SHOWPROGRESS=1 FEATURELEVEL=3
[2019.10.30-04.04.53:663][404]LightingResults: New page: 라이팅 빌드
[2019.10.30-04.04.53:664][404]LoadErrors: New page: 맵 로드중: Step1.umap
[2019.10.30-04.04.53:664][404]MapCheck: New page: 맵 체크
[2019.10.30-04.04.53:664][404]LightingResults: New page: 라이팅 빌드
[2019.10.30-04.04.53:689][404]LogUObjectHash: Compacting FUObjectHashTables data took   1.51ms
[2019.10.30-04.04.53:752][404]LogEditorServer: Finished looking for orphan Actors (0.000 secs)
[2019.10.30-04.04.53:776][404]LogUObjectHash: Compacting FUObjectHashTables data took   1.50ms
[2019.10.30-04.04.53:804][404]Cmd: MAP CHECKDEP NOCLEARLOG
[2019.10.30-04.04.53:804][404]MapCheck: 맵 체크 완료: 오류 0 회, 경고 0 회, 소요 시간 0.105ms.
[2019.10.30-04.04.53:805][404]LogFileHelpers: Loading map 'Step1' took 0.143
[2019.10.30-04.04.55:618][559]LogSlate: FSceneViewport::OnFocusLost() reason 0
[2019.10.30-04.04.55:676][566]LogTemp: Repeating last play command: 선택된 뷰포트
[2019.10.30-04.04.55:690][566]LogBlueprintUserMessages: Early PlayInEditor Detection: Level '/Game/Book/Maps/Step1.Step1:PersistentLevel' has LevelScriptBlueprint '/Game/Book/Maps/Step1.Step1:PersistentLevel.Step1' with GeneratedClass '/Game/Book/Maps/Step1.Step1_C' with ClassGeneratedBy '/Game/Book/Maps/Step1.Step1:PersistentLevel.Step1'
[2019.10.30-04.04.55:690][566]LogPlayLevel: PlayLevel: No blueprints needed recompiling
[2019.10.30-04.04.55:691][566]PIE: New page: PIE 세션: Step1 (2019. 10. 30. 오후 10:04:55)
[2019.10.30-04.04.55:691][566]LogPlayLevel: Creating play world package: /Game/Book/Maps/UEDPIE_0_Step1
[2019.10.30-04.04.55:693][566]LogPlayLevel: PIE: StaticDuplicateObject took: (0.002508s)
[2019.10.30-04.04.55:694][566]LogAIModule: Creating AISystem for world Step1
[2019.10.30-04.04.55:694][566]LogPlayLevel: PIE: World Init took: (0.000551s)
[2019.10.30-04.04.55:694][566]LogPlayLevel: PIE: Created PIE world by copying editor world from /Game/Book/Maps/Step1.Step1 to /Game/Book/Maps/UEDPIE_0_Step1.Step1 (0.003319s)
[2019.10.30-04.04.55:718][566]LogUObjectHash: Compacting FUObjectHashTables data took   0.92ms
[2019.10.30-04.04.55:725][566]LogInit: XAudio2 using '스피커(Conexant HD Audio)' : 2 channels at 48 kHz using 32 bits per sample (channel mask 0x3)
[2019.10.30-04.04.55:732][566]LogInit: FAudioDevice initialized.
[2019.10.30-04.04.55:758][566]LogLoad: Game class is 'ABGameMode'
[2019.10.30-04.04.55:760][566]LogWorld: Bringing World /Game/Book/Maps/UEDPIE_0_Step1.Step1 up for play (max tick rate 0) at 2019.10.30-13.04.55
[2019.10.30-04.04.55:760][566]ArenaBattle: Warning: AFountain::PostInitializeComponents(67)
[2019.10.30-04.04.55:760][566]ArenaBattle: Warning: AFountain::PostInitializeComponents(67)
[2019.10.30-04.04.55:760][566]ArenaBattle: Warning: AFountain::PostInitializeComponents(67)
[2019.10.30-04.04.55:760][566]ArenaBattle: Warning: AFountain::PostInitializeComponents(67)
[2019.10.30-04.04.55:760][566]LogWorld: Bringing up level for play took: 0.001116
[2019.10.30-04.04.55:771][566]ArenaBattle: Warning: AABPlayerController::PostInitializeComponents(8)
[2019.10.30-04.04.55:772][566]ArenaBattle: Warning: AABGameMode::PostLogin(17) PostLogin Begin
[2019.10.30-04.04.55:773][566]ArenaBattle: Warning: AABPlayerController::OnPossess(14)
[2019.10.30-04.04.55:773][566]ArenaBattle: Warning: AABGameMode::PostLogin(19) PostLogin End
[2019.10.30-04.04.55:773][566]ArenaBattle: Warning: AFountain::BeginPlay(52)
[2019.10.30-04.04.55:773][566]ArenaBattle: Warning: AFountain::BeginPlay(53) Actor Name:Fountain_2
[2019.10.30-04.04.55:773][566]ArenaBattle: Warning: Actor Name:Fountain_2,ID:-1528624064, Location X:0.000
[2019.10.30-04.04.55:773][566]ArenaBattle: Warning: AFountain::BeginPlay(52)
[2019.10.30-04.04.55:773][566]ArenaBattle: Warning: AFountain::BeginPlay(53) Actor Name:Fountain_1
[2019.10.30-04.04.55:773][566]ArenaBattle: Warning: Actor Name:Fountain_1,ID:-1528613984, Location X:0.000
[2019.10.30-04.04.55:773][566]ArenaBattle: Warning: AFountain::BeginPlay(52)
[2019.10.30-04.04.55:773][566]ArenaBattle: Warning: AFountain::BeginPlay(53) Actor Name:Fountain_4
[2019.10.30-04.04.55:773][566]ArenaBattle: Warning: Actor Name:Fountain_4,ID:-1528614176, Location X:0.000
[2019.10.30-04.04.55:773][566]ArenaBattle: Warning: AFountain::BeginPlay(52)
[2019.10.30-04.04.55:773][566]ArenaBattle: Warning: AFountain::BeginPlay(53) Actor Name:Fountain_6
[2019.10.30-04.04.55:773][566]ArenaBattle: Warning: Actor Name:Fountain_6,ID:-1528615040, Location X:0.000
[2019.10.30-04.04.55:773][566]PIE: /Game/Book/Maps/UEDPIE_0_Step1 에 대한 에디터에서 플레이 시작 시간: -0.281
[2019.10.30-04.04.55:774][566]LogBlueprintUserMessages: Late PlayInEditor Detection: Level '/Game/Book/Maps/Step1.Step1:PersistentLevel' has LevelScriptBlueprint '/Game/Book/Maps/Step1.Step1:PersistentLevel.Step1' with GeneratedClass '/Game/Book/Maps/Step1.Step1_C' with ClassGeneratedBy '/Game/Book/Maps/Step1.Step1:PersistentLevel.Step1'
[2019.10.30-04.07.10:598][446]LogBlueprintUserMessages: Early EndPlayMap Detection: Level '/Game/Book/Maps/Step1.Step1:PersistentLevel' has LevelScriptBlueprint '/Game/Book/Maps/Step1.Step1:PersistentLevel.Step1' with GeneratedClass '/Game/Book/Maps/Step1.Step1_C' with ClassGeneratedBy '/Game/Book/Maps/Step1.Step1:PersistentLevel.Step1'
[2019.10.30-04.07.10:599][446]LogSlate: Updating window title bar state: overlay mode, drag disabled, window buttons hidden, title bar hidden
[2019.10.30-04.07.10:625][446]LogPlayLevel: Display: Shutting down PIE online subsystems
[2019.10.30-04.07.10:625][446]LogBlueprintUserMessages: Late EndPlayMap Detection: Level '/Game/Book/Maps/Step1.Step1:PersistentLevel' has LevelScriptBlueprint '/Game/Book/Maps/Step1.Step1:PersistentLevel.Step1' with GeneratedClass '/Game/Book/Maps/Step1.Step1_C' with ClassGeneratedBy '/Game/Book/Maps/Step1.Step1:PersistentLevel.Step1'
[2019.10.30-04.07.10:650][446]LogSlate: Updating window title bar state: overlay mode, drag disabled, window buttons hidden, title bar hidden
[2019.10.30-04.07.10:653][446]LogUObjectHash: Compacting FUObjectHashTables data took   1.23ms
[2019.10.30-04.07.10:714][450]LogPlayLevel: Display: Destroying online subsystem :Context_6
[2019.10.30-04.07.11:940][596]LogSlate: FSceneViewport::OnFocusLost() reason 0
[2019.10.30-04.07.17:076][172]ArenaBattle: Warning: AFountain::PostInitializeComponents(67)
[2019.10.30-04.07.17:086][173]ArenaBattle: Warning: AABPawn::PostInitializeComponents(58)
[2019.10.30-04.07.18:760][273]LogAssetEditorManager: Opening Asset editor for Class /Script/ArenaBattle.ABCharacter
[2019.10.30-04.07.28:192][520]LogVSAccessor: Warning: Visual Studio is open but could not be queried - it may be blocked by a modal operation
